<?xml version="1.0" encoding="UTF-8"?>
<testsuite name="com.pluralsight.security.TestParseArgs" tests="3" skipped="0" failures="0" errors="0" timestamp="2018-02-27T18:20:13" hostname="zv-maurer1" time="0.001">
  <properties/>
  <testcase name="testAllCorrectParamsRandomOrder" classname="com.pluralsight.security.TestParseArgs" time="0.0"/>
  <testcase name="testDefaultValues" classname="com.pluralsight.security.TestParseArgs" time="0.0"/>
  <testcase name="testAllCorrectParamsInOrder" classname="com.pluralsight.security.TestParseArgs" time="0.0"/>
  <system-out><![CDATA[]]></system-out>
  <system-err><![CDATA[]]></system-err>
</testsuite>
