<?xml version="1.0" encoding="UTF-8"?>
<testsuite name="com.pluralsight.security.TestReadWriteBytes" tests="3" skipped="0" failures="0" errors="0" timestamp="2018-02-27T18:20:13" hostname="zv-maurer1" time="0.003">
  <properties/>
  <testcase name="testWriteBytes" classname="com.pluralsight.security.TestReadWriteBytes" time="0.0"/>
  <testcase name="testReadBytes" classname="com.pluralsight.security.TestReadWriteBytes" time="0.001"/>
  <testcase name="testWriteBytesEncoded" classname="com.pluralsight.security.TestReadWriteBytes" time="0.002"/>
  <system-out><![CDATA[]]></system-out>
  <system-err><![CDATA[]]></system-err>
</testsuite>
