<?xml version="1.0" encoding="UTF-8"?>
<testsuite name="com.pluralsight.security.TestSign" tests="8" skipped="0" failures="0" errors="0" timestamp="2018-02-27T18:20:13" hostname="zv-maurer1" time="0.036">
  <properties/>
  <testcase name="testLoadPrivateKey" classname="com.pluralsight.security.TestSign" time="0.012"/>
  <testcase name="testVerifyData" classname="com.pluralsight.security.TestSign" time="0.015"/>
  <testcase name="testLoadKeystore" classname="com.pluralsight.security.TestSign" time="0.001"/>
  <testcase name="testParseArgs" classname="com.pluralsight.security.TestSign" time="0.0"/>
  <testcase name="testCreateSignature" classname="com.pluralsight.security.TestSign" time="0.0"/>
  <testcase name="testParseArgsDefaults" classname="com.pluralsight.security.TestSign" time="0.001"/>
  <testcase name="testLoadPrivateKeyInvalidPassword" classname="com.pluralsight.security.TestSign" time="0.0"/>
  <testcase name="testSignData" classname="com.pluralsight.security.TestSign" time="0.006"/>
  <system-out><![CDATA[]]></system-out>
  <system-err><![CDATA[]]></system-err>
</testsuite>
